INFO:     Started server process [333193]
INFO:     Waiting for application startup.
2025-11-30 18:40:59,114 INFO sqlalchemy.engine.Engine BEGIN (implicit)
2025-11-30 18:40:59,114 INFO sqlalchemy.engine.Engine PRAGMA main.table_info("machinesoftwarelink")
2025-11-30 18:40:59,115 INFO sqlalchemy.engine.Engine [raw sql] ()
2025-11-30 18:40:59,116 INFO sqlalchemy.engine.Engine PRAGMA main.table_info("softwaredependency")
2025-11-30 18:40:59,116 INFO sqlalchemy.engine.Engine [raw sql] ()
2025-11-30 18:40:59,116 INFO sqlalchemy.engine.Engine PRAGMA main.table_info("admin")
2025-11-30 18:40:59,117 INFO sqlalchemy.engine.Engine [raw sql] ()
2025-11-30 18:40:59,117 INFO sqlalchemy.engine.Engine PRAGMA main.table_info("machine")
2025-11-30 18:40:59,118 INFO sqlalchemy.engine.Engine [raw sql] ()
2025-11-30 18:40:59,118 INFO sqlalchemy.engine.Engine PRAGMA main.table_info("software")
2025-11-30 18:40:59,118 INFO sqlalchemy.engine.Engine [raw sql] ()
2025-11-30 18:40:59,119 INFO sqlalchemy.engine.Engine PRAGMA main.table_info("deployment")
2025-11-30 18:40:59,119 INFO sqlalchemy.engine.Engine [raw sql] ()
2025-11-30 18:40:59,119 INFO sqlalchemy.engine.Engine PRAGMA main.table_info("auditlog")
2025-11-30 18:40:59,119 INFO sqlalchemy.engine.Engine [raw sql] ()
2025-11-30 18:40:59,120 INFO sqlalchemy.engine.Engine PRAGMA main.table_info("agentlog")
2025-11-30 18:40:59,120 INFO sqlalchemy.engine.Engine [raw sql] ()
2025-11-30 18:40:59,120 INFO sqlalchemy.engine.Engine COMMIT
2025-11-30 18:40:59,121 INFO sqlalchemy.engine.Engine BEGIN (implicit)
2025-11-30 18:40:59,148 INFO sqlalchemy.engine.Engine SELECT software.id, software.name, software.version, software.description, software.download_url, software.silent_args, software.uninstall_args, software.is_msi, software.icon_url 
FROM software
2025-11-30 18:40:59,148 INFO sqlalchemy.engine.Engine [generated in 0.00063s] ()
2025-11-30 18:40:59,150 INFO sqlalchemy.engine.Engine ROLLBACK
INFO:     Application startup complete.
ERROR:    [Errno 98] error while attempting to bind on address ('0.0.0.0INFO:     127.0.0.1:59652 - "OPTIONS /api/v1/management/software HTTP/1.1" 200 OK
2025-11-30 18:41:33,332 INFO sqlalchemy.engine.Engine BEGIN (implicit)
2025-11-30 18:41:33,334 INFO sqlalchemy.engine.Engine SELECT admin.id, admin.username, admin.full_name, admin.email, admin.role, admin.last_login 
FROM admin 
WHERE admin.username = ?
2025-11-30 18:41:33,334 INFO sqlalchemy.engine.Engine [generated in 0.00022s] ('admin',)
2025-11-30 18:41:33,335 INFO sqlalchemy.engine.Engine SELECT software.id, software.name, software.version, software.description, software.download_url, software.silent_args, software.uninstall_args, software.is_msi, software.icon_url 
FROM software
2025-11-30 18:41:33,335 INFO sqlalchemy.engine.Engine [cached since 119.7s ago] ()
INFO:     127.0.0.1:59666 - "GET /api/v1/management/software HTTP/1.1" 200 OK
2025-11-30 18:41:33,336 INFO sqlalchemy.engine.Engine ROLLBACK
2025-11-30 18:41:59,587 INFO sqlalchemy.engine.Engine BEGIN (implicit)
2025-11-30 18:41:59,587 INFO sqlalchemy.engine.Engine SELECT admin.id, admin.username, admin.full_name, admin.email, admin.role, admin.last_login 
FROM admin 
WHERE admin.username = ?
2025-11-30 18:41:59,587 INFO sqlalchemy.engine.Engine [cached since 26.25s ago] ('admin',)
2025-11-30 18:41:59,588 INFO sqlalchemy.engine.Engine SELECT software.id, software.name, software.version, software.description, software.download_url, software.silent_args, software.uninstall_args, software.is_msi, software.icon_url 
FROM software
2025-11-30 18:41:59,588 INFO sqlalchemy.engine.Engine [cached since 145.9s ago] ()
INFO:     127.0.0.1:42960 - "GET /api/v1/management/software HTTP/1.1" 200 OK
2025-11-30 18:41:59,589 INFO sqlalchemy.engine.Engine ROLLBACK
2025-11-30 18:42:02,163 INFO sqlalchemy.engine.Engine BEGIN (implicit)
2025-11-30 18:42:02,163 INFO sqlalchemy.engine.Engine SELECT admin.id, admin.username, admin.full_name, admin.email, admin.role, admin.last_login 
FROM admin 
WHERE admin.username = ?
2025-11-30 18:42:02,163 INFO sqlalchemy.engine.Engine [cached since 28.83s ago] ('admin',)
2025-11-30 18:42:02,164 INFO sqlalchemy.engine.Engine SELECT software.id, software.name, software.version, software.description, software.download_url, software.silent_args, software.uninstall_args, software.is_msi, software.icon_url 
FROM software
2025-11-30 18:42:02,164 INFO sqlalchemy.engine.Engine [cached since 148.5s ago] ()
INFO:     127.0.0.1:42960 - "GET /api/v1/management/software HTTP/1.1" 200 OK
2025-11-30 18:42:02,165 INFO sqlalchemy.engine.Engine ROLLBACK
INFO:     127.0.0.1:42960 - "OPTIONS /api/v1/management/deploy?software_id=1&target_dn=OU=Sales,DC=example,DC=com&target_type=ou HTTP/1.1" 200 OK
2025-11-30 18:42:04,580 INFO sqlalchemy.engine.Engine BEGIN (implicit)
2025-11-30 18:42:04,580 INFO sqlalchemy.engine.Engine SELECT admin.id, admin.username, admin.full_name, admin.email, admin.role, admin.last_login 
FROM admin 
WHERE admin.username = ?
2025-11-30 18:42:04,580 INFO sqlalchemy.engine.Engine [cached since 31.25s ago] ('admin',)
2025-11-30 18:42:04,583 INFO sqlalchemy.engine.Engine INSERT INTO deployment (machine_id, software_id, target_type, target_value, schedule_start, schedule_end, created_by, created_at) VALUES (?, ?, ?, ?, ?, ?, ?, ?)
2025-11-30 18:42:04,583 INFO sqlalchemy.engine.Engine [generated in 0.00019s] (None, 1, 'ou', 'OU=Sales,DC=example,DC=com', None, None, None, '2025-11-30 17:42:04.581402')
2025-11-30 18:42:04,583 INFO sqlalchemy.engine.Engine COMMIT
INFO:     127.0.0.1:42966 - "POST /api/v1/management/deploy?software_id=1&target_dn=OU=Sales,DC=example,DC=com&target_type=ou HTTP/1.1" 200 OK
2025-11-30 18:42:12,759 INFO sqlalchemy.engine.Engine BEGIN (implicit)
2025-11-30 18:42:12,760 INFO sqlalchemy.engine.Engine SELECT admin.id, admin.username, admin.full_name, admin.email, admin.role, admin.last_login 
FROM admin 
WHERE admin.username = ?
2025-11-30 18:42:12,760 INFO sqlalchemy.engine.Engine [cached since 39.43s ago] ('admin',)
2025-11-30 18:42:12,761 INFO sqlalchemy.engine.Engine SELECT software.id, software.name, software.version, software.description, software.download_url, software.silent_args, software.uninstall_args, software.is_msi, software.icon_url 
FROM software
2025-11-30 18:42:12,761 INFO sqlalchemy.engine.Engine [cached since 159.1s ago] ()
INFO:     127.0.0.1:44506 - "GET /api/v1/management/software HTTP/1.1" 200 OK
2025-11-30 18:42:12,762 INFO sqlalchemy.engine.Engine ROLLBACK
2025-11-30 18:42:12,763 INFO sqlalchemy.engine.Engine BEGIN (implicit)
2025-11-30 18:42:12,763 INFO sqlalchemy.engine.Engine SELECT admin.id, admin.username, admin.full_name, admin.email, admin.role, admin.last_login 
FROM admin 
WHERE admin.username = ?
2025-11-30 18:42:12,763 INFO sqlalchemy.engine.Engine [cached since 39.43s ago] ('admin',)
2025-11-30 18:42:12,764 INFO sqlalchemy.engine.Engine SELECT software.id, software.name, software.version, software.description, software.download_url, software.silent_args, software.uninstall_args, software.is_msi, software.icon_url 
FROM software
2025-11-30 18:42:12,764 INFO sqlalchemy.engine.Engine [cached since 159.1s ago] ()
INFO:     127.0.0.1:44506 - "GET /api/v1/management/software HTTP/1.1" 200 OK
2025-11-30 18:42:12,764 INFO sqlalchemy.engine.Engine ROLLBACK
2025-11-30 18:43:21,012 INFO sqlalchemy.engine.Engine BEGIN (implicit)
2025-11-30 18:43:21,013 INFO sqlalchemy.engine.Engine SELECT admin.id, admin.username, admin.full_name, admin.email, admin.role, admin.last_login 
FROM admin 
WHERE admin.username = ?
2025-11-30 18:43:21,013 INFO sqlalchemy.engine.Engine [cached since 107.7s ago] ('admin',)
2025-11-30 18:43:21,014 INFO sqlalchemy.engine.Engine SELECT software.id, software.name, software.version, software.description, software.download_url, software.silent_args, software.uninstall_args, software.is_msi, software.icon_url 
FROM software
2025-11-30 18:43:21,014 INFO sqlalchemy.engine.Engine [cached since 227.4s ago] ()
INFO:     127.0.0.1:41244 - "GET /api/v1/management/software HTTP/1.1" 200 OK
2025-11-30 18:43:21,015 INFO sqlalchemy.engine.Engine ROLLBACK
2025-11-30 18:43:21,017 INFO sqlalchemy.engine.Engine BEGIN (implicit)
2025-11-30 18:43:21,018 INFO sqlalchemy.engine.Engine SELECT admin.id, admin.username, admin.full_name, admin.email, admin.role, admin.last_login 
FROM admin 
WHERE admin.username = ?
2025-11-30 18:43:21,018 INFO sqlalchemy.engine.Engine [cached since 107.7s ago] ('admin',)
2025-11-30 18:43:21,019 INFO sqlalchemy.engine.Engine SELECT software.id, software.name, software.version, software.description, software.download_url, software.silent_args, software.uninstall_args, software.is_msi, software.icon_url 
FROM software
2025-11-30 18:43:21,019 INFO sqlalchemy.engine.Engine [cached since 227.4s ago] ()
INFO:     127.0.0.1:41244 - "GET /api/v1/management/software HTTP/1.1" 200 OK
2025-11-30 18:43:21,020 INFO sqlalchemy.engine.Engine ROLLBACK
2025-11-30 18:44:19,061 INFO sqlalchemy.engine.Engine BEGIN (implicit)
2025-11-30 18:44:19,061 INFO sqlalchemy.engine.Engine SELECT admin.id, admin.username, admin.full_name, admin.email, admin.role, admin.last_login 
FROM admin 
WHERE admin.username = ?
2025-11-30 18:44:19,062 INFO sqlalchemy.engine.Engine [cached since 165.7s ago] ('admin',)
2025-11-30 18:44:19,062 INFO sqlalchemy.engine.Engine SELECT software.id, software.name, software.version, software.description, software.download_url, software.silent_args, software.uninstall_args, software.is_msi, software.icon_url 
FROM software
2025-11-30 18:44:19,062 INFO sqlalchemy.engine.Engine [cached since 285.4s ago] ()
INFO:     127.0.0.1:34580 - "GET /api/v1/management/software HTTP/1.1" 200 OK
2025-11-30 18:44:19,063 INFO sqlalchemy.engine.Engine ROLLBACK
2025-11-30 18:44:29,047 INFO sqlalchemy.engine.Engine BEGIN (implicit)
2025-11-30 18:44:29,048 INFO sqlalchemy.engine.Engine SELECT admin.id, admin.username, admin.full_name, admin.email, admin.role, admin.last_login 
FROM admin 
WHERE admin.username = ?
2025-11-30 18:44:29,048 INFO sqlalchemy.engine.Engine [cached since 175.7s ago] ('admin',)
2025-11-30 18:44:29,048 INFO sqlalchemy.engine.Engine SELECT software.id, software.name, software.version, software.description, software.download_url, software.silent_args, software.uninstall_args, software.is_msi, software.icon_url 
FROM software
2025-11-30 18:44:29,048 INFO sqlalchemy.engine.Engine [cached since 295.4s ago] ()
INFO:     127.0.0.1:49188 - "GET /api/v1/management/software HTTP/1.1" 200 OK
2025-11-30 18:44:29,049 INFO sqlalchemy.engine.Engine ROLLBACK
2025-11-30 18:44:29,051 INFO sqlalchemy.engine.Engine BEGIN (implicit)
2025-11-30 18:44:29,051 INFO sqlalchemy.engine.Engine SELECT admin.id, admin.username, admin.full_name, admin.email, admin.role, admin.last_login 
FROM admin 
WHERE admin.username = ?
2025-11-30 18:44:29,051 INFO sqlalchemy.engine.Engine [cached since 175.7s ago] ('admin',)
2025-11-30 18:44:29,051 INFO sqlalchemy.engine.Engine SELECT software.id, software.name, software.version, software.description, software.download_url, software.silent_args, software.uninstall_args, software.is_msi, software.icon_url 
FROM software
2025-11-30 18:44:29,051 INFO sqlalchemy.engine.Engine [cached since 295.4s ago] ()
INFO:     127.0.0.1:49188 - "GET /api/v1/management/software HTTP/1.1" 200 OK
2025-11-30 18:44:29,052 INFO sqlalchemy.engine.Engine ROLLBACK
2025-11-30 18:44:35,442 INFO sqlalchemy.engine.Engine BEGIN (implicit)
2025-11-30 18:44:35,442 INFO sqlalchemy.engine.Engine SELECT admin.id, admin.username, admin.full_name, admin.email, admin.role, admin.last_login 
FROM admin 
WHERE admin.username = ?
2025-11-30 18:44:35,442 INFO sqlalchemy.engine.Engine [cached since 182.1s ago] ('admin',)
2025-11-30 18:44:35,443 INFO sqlalchemy.engine.Engine SELECT software.id, software.name, software.version, software.description, software.download_url, software.silent_args, software.uninstall_args, software.is_msi, software.icon_url 
FROM software
2025-11-30 18:44:35,443 INFO sqlalchemy.engine.Engine [cached since 301.8s ago] ()
INFO:     127.0.0.1:49194 - "GET /api/v1/management/software HTTP/1.1" 200 OK
2025-11-30 18:44:35,444 INFO sqlalchemy.engine.Engine ROLLBACK
2025-11-30 18:44:35,446 INFO sqlalchemy.engine.Engine BEGIN (implicit)
2025-11-30 18:44:35,446 INFO sqlalchemy.engine.Engine SELECT admin.id, admin.username, admin.full_name, admin.email, admin.role, admin.last_login 
FROM admin 
WHERE admin.username = ?
2025-11-30 18:44:35,446 INFO sqlalchemy.engine.Engine [cached since 182.1s ago] ('admin',)
2025-11-30 18:44:35,447 INFO sqlalchemy.engine.Engine SELECT software.id, software.name, software.version, software.description, software.download_url, software.silent_args, software.uninstall_args, software.is_msi, software.icon_url 
FROM software
2025-11-30 18:44:35,447 INFO sqlalchemy.engine.Engine [cached since 301.8s ago] ()
INFO:     127.0.0.1:49194 - "GET /api/v1/management/software HTTP/1.1" 200 OK
2025-11-30 18:44:35,447 INFO sqlalchemy.engine.Engine ROLLBACK
2025-11-30 18:45:37,048 INFO sqlalchemy.engine.Engine BEGIN (implicit)
2025-11-30 18:45:37,049 INFO sqlalchemy.engine.Engine SELECT admin.id, admin.username, admin.full_name, admin.email, admin.role, admin.last_login 
FROM admin 
WHERE admin.username = ?
2025-11-30 18:45:37,049 INFO sqlalchemy.engine.Engine [cached since 243.7s ago] ('admin',)
2025-11-30 18:45:37,049 INFO sqlalchemy.engine.Engine SELECT software.id, software.name, software.version, software.description, software.download_url, software.silent_args, software.uninstall_args, software.is_msi, software.icon_url 
FROM software
2025-11-30 18:45:37,049 INFO sqlalchemy.engine.Engine [cached since 363.4s ago] ()
INFO:     127.0.0.1:46440 - "GET /api/v1/management/software HTTP/1.1" 200 OK
2025-11-30 18:45:37,050 INFO sqlalchemy.engine.Engine ROLLBACK
2025-11-30 18:45:40,187 INFO sqlalchemy.engine.Engine BEGIN (implicit)
2025-11-30 18:45:40,187 INFO sqlalchemy.engine.Engine SELECT admin.id, admin.username, admin.full_name, admin.email, admin.role, admin.last_login 
FROM admin 
WHERE admin.username = ?
2025-11-30 18:45:40,187 INFO sqlalchemy.engine.Engine [cached since 246.9s ago] ('admin',)
2025-11-30 18:45:40,188 INFO sqlalchemy.engine.Engine SELECT software.id, software.name, software.version, software.description, software.download_url, software.silent_args, software.uninstall_args, software.is_msi, software.icon_url 
FROM software
2025-11-30 18:45:40,188 INFO sqlalchemy.engine.Engine [cached since 366.5s ago] ()
INFO:     127.0.0.1:46440 - "GET /api/v1/management/software HTTP/1.1" 200 OK
2025-11-30 18:45:40,189 INFO sqlalchemy.engine.Engine ROLLBACK
